# JRE version: Java(TM) SE Runtime Environment (8.0_131-b11) (build 1.8.0_131-b11)
# Java VM: Java HotSpot(TM) 64-Bit Server VM (25.131-b11 mixed mode windows-amd64 compressed oops)
Heap:
 PSYoungGen      total 20992K, used 515K [0x00000000eb380000, 0x00000000ecb80000, 0x0000000100000000)
  eden space 17408K, 2% used [0x00000000eb380000,0x00000000eb400ff0,0x00000000ec480000)
  from space 3584K, 0% used [0x00000000ec480000,0x00000000ec480000,0x00000000ec800000)
  to   space 3072K, 0% used [0x00000000ec880000,0x00000000ec880000,0x00000000ecb80000)
 ParOldGen       total 30208K, used 2879K [0x00000000c1a00000, 0x00000000c3780000, 0x00000000eb380000)
  object space 30208K, 9% used [0x00000000c1a00000,0x00000000c1ccfd10,0x00000000c3780000)
 Metaspace       used 9171K, capacity 9368K, committed 9600K, reserved 1067008K
  class space    used 1116K, capacity 1148K, committed 1152K, reserved 1048576K
GC Heap History (10 events):
Event: 8.756 GC heap before
{Heap before GC invocations=9 (full 4):
 PSYoungGen      total 18944K, used 0K [0x00000000eb380000, 0x00000000ecc00000, 0x0000000100000000)
  eden space 16384K, 0% used [0x00000000eb380000,0x00000000eb380000,0x00000000ec380000)
  from space 2560K, 0% used [0x00000000ec380000,0x00000000ec380000,0x00000000ec600000)
  to   space 3584K, 0% used [0x00000000ec880000,0x00000000ec880000,0x00000000ecc00000)
 ParOldGen       total 30208K, used 2598K [0x00000000c1a00000, 0x00000000c3780000, 0x00000000eb380000)
  object space 30208K, 8% used [0x00000000c1a00000,0x00000000c1c898e8,0x00000000c3780000)
 Metaspace       used 8599K, capacity 8760K, committed 8832K, reserved 1067008K
  class space    used 1054K, capacity 1116K, committed 1152K, reserved 1048576K
Event: 8.799 GC heap after
Heap after GC invocations=9 (full 4):
 PSYoungGen      total 18944K, used 0K [0x00000000eb380000, 0x00000000ecc00000, 0x0000000100000000)
  eden space 16384K, 0% used [0x00000000eb380000,0x00000000eb380000,0x00000000ec380000)
  from space 2560K, 0% used [0x00000000ec380000,0x00000000ec380000,0x00000000ec600000)
  to   space 3584K, 0% used [0x00000000ec880000,0x00000000ec880000,0x00000000ecc00000)
 ParOldGen       total 30208K, used 2416K [0x00000000c1a00000, 0x00000000c3780000, 0x00000000eb380000)
  object space 30208K, 7% used [0x00000000c1a00000,0x00000000c1c5c120,0x00000000c3780000)
 Metaspace       used 8599K, capacity 8760K, committed 8832K, reserved 1062912K
  class space    used 1054K, capacity 1116K, committed 1152K, reserved 1048576K
}
Event: 9.023 GC heap before
{Heap before GC invocations=10 (full 4):
 PSYoungGen      total 18944K, used 5705K [0x00000000eb380000, 0x00000000ecc00000, 0x0000000100000000)
  eden space 16384K, 34% used [0x00000000eb380000,0x00000000eb912448,0x00000000ec380000)
  from space 2560K, 0% used [0x00000000ec380000,0x00000000ec380000,0x00000000ec600000)
  to   space 3584K, 0% used [0x00000000ec880000,0x00000000ec880000,0x00000000ecc00000)
 ParOldGen       total 30208K, used 2416K [0x00000000c1a00000, 0x00000000c3780000, 0x00000000eb380000)
  object space 30208K, 7% used [0x00000000c1a00000,0x00000000c1c5c120,0x00000000c3780000)
 Metaspace       used 9151K, capacity 9246K, committed 9344K, reserved 1067008K
  class space    used 1114K, capacity 1149K, committed 1152K, reserved 1048576K
Event: 9.027 GC heap after
Heap after GC invocations=10 (full 4):
 PSYoungGen      total 20480K, used 1133K [0x00000000eb380000, 0x00000000ecb80000, 0x0000000100000000)
  eden space 17408K, 0% used [0x00000000eb380000,0x00000000eb380000,0x00000000ec480000)
  from space 3072K, 36% used [0x00000000ec880000,0x00000000ec99b520,0x00000000ecb80000)
  to   space 3584K, 0% used [0x00000000ec480000,0x00000000ec480000,0x00000000ec800000)
 ParOldGen       total 30208K, used 2424K [0x00000000c1a00000, 0x00000000c3780000, 0x00000000eb380000)
  object space 30208K, 8% used [0x00000000c1a00000,0x00000000c1c5e120,0x00000000c3780000)
 Metaspace       used 9151K, capacity 9246K, committed 9344K, reserved 1067008K
  class space    used 1114K, capacity 1149K, committed 1152K, reserved 1048576K
}
Event: 9.027 GC heap before
{Heap before GC invocations=11 (full 5):
 PSYoungGen      total 20480K, used 1133K [0x00000000eb380000, 0x00000000ecb80000, 0x0000000100000000)
  eden space 17408K, 0% used [0x00000000eb380000,0x00000000eb380000,0x00000000ec480000)
  from space 3072K, 36% used [0x00000000ec880000,0x00000000ec99b520,0x00000000ecb80000)
  to   space 3584K, 0% used [0x00000000ec480000,0x00000000ec480000,0x00000000ec800000)
 ParOldGen       total 30208K, used 2424K [0x00000000c1a00000, 0x00000000c3780000, 0x00000000eb380000)
  object space 30208K, 8% used [0x00000000c1a00000,0x00000000c1c5e120,0x00000000c3780000)
 Metaspace       used 9151K, capacity 9246K, committed 9344K, reserved 1067008K
  class space    used 1114K, capacity 1149K, committed 1152K, reserved 1048576K
Event: 9.050 GC heap after
Heap after GC invocations=11 (full 5):
 PSYoungGen      total 20480K, used 0K [0x00000000eb380000, 0x00000000ecb80000, 0x0000000100000000)
  eden space 17408K, 0% used [0x00000000eb380000,0x00000000eb380000,0x00000000ec480000)
  from space 3072K, 0% used [0x00000000ec880000,0x00000000ec880000,0x00000000ecb80000)
  to   space 3584K, 0% used [0x00000000ec480000,0x00000000ec480000,0x00000000ec800000)
 ParOldGen       total 30208K, used 2944K [0x00000000c1a00000, 0x00000000c3780000, 0x00000000eb380000)
  object space 30208K, 9% used [0x00000000c1a00000,0x00000000c1ce03c8,0x00000000c3780000)
 Metaspace       used 9151K, capacity 9246K, committed 9344K, reserved 1064960K
  class space    used 1114K, capacity 1149K, committed 1152K, reserved 1048576K
}
Event: 9.050 GC heap before
{Heap before GC invocations=12 (full 5):
 PSYoungGen      total 20480K, used 0K [0x00000000eb380000, 0x00000000ecb80000, 0x0000000100000000)
  eden space 17408K, 0% used [0x00000000eb380000,0x00000000eb380000,0x00000000ec480000)
  from space 3072K, 0% used [0x00000000ec880000,0x00000000ec880000,0x00000000ecb80000)
  to   space 3584K, 0% used [0x00000000ec480000,0x00000000ec480000,0x00000000ec800000)
 ParOldGen       total 30208K, used 2944K [0x00000000c1a00000, 0x00000000c3780000, 0x00000000eb380000)
  object space 30208K, 9% used [0x00000000c1a00000,0x00000000c1ce03c8,0x00000000c3780000)
 Metaspace       used 9151K, capacity 9246K, committed 9344K, reserved 1069056K
  class space    used 1114K, capacity 1149K, committed 1152K, reserved 1048576K
Event: 9.051 GC heap after
Heap after GC invocations=12 (full 5):
 PSYoungGen      total 20992K, used 0K [0x00000000eb380000, 0x00000000ecb80000, 0x0000000100000000)
  eden space 17408K, 0% used [0x00000000eb380000,0x00000000eb380000,0x00000000ec480000)
  from space 3584K, 0% used [0x00000000ec480000,0x00000000ec480000,0x00000000ec800000)
  to   space 3072K, 0% used [0x00000000ec880000,0x00000000ec880000,0x00000000ecb80000)
 ParOldGen       total 30208K, used 2944K [0x00000000c1a00000, 0x00000000c3780000, 0x00000000eb380000)
  object space 30208K, 9% used [0x00000000c1a00000,0x00000000c1ce03c8,0x00000000c3780000)
 Metaspace       used 9151K, capacity 9246K, committed 9344K, reserved 1069056K
  class space    used 1114K, capacity 1149K, committed 1152K, reserved 1048576K
}
Event: 9.051 GC heap before
{Heap before GC invocations=13 (full 6):
 PSYoungGen      total 20992K, used 0K [0x00000000eb380000, 0x00000000ecb80000, 0x0000000100000000)
  eden space 17408K, 0% used [0x00000000eb380000,0x00000000eb380000,0x00000000ec480000)
  from space 3584K, 0% used [0x00000000ec480000,0x00000000ec480000,0x00000000ec800000)
  to   space 3072K, 0% used [0x00000000ec880000,0x00000000ec880000,0x00000000ecb80000)
 ParOldGen       total 30208K, used 2944K [0x00000000c1a00000, 0x00000000c3780000, 0x00000000eb380000)
  object space 30208K, 9% used [0x00000000c1a00000,0x00000000c1ce03c8,0x00000000c3780000)
 Metaspace       used 9151K, capacity 9246K, committed 9344K, reserved 1069056K
  class space    used 1114K, capacity 1149K, committed 1152K, reserved 1048576K
Event: 9.095 GC heap after
Heap after GC invocations=13 (full 6):
 PSYoungGen      total 20992K, used 0K [0x00000000eb380000, 0x00000000ecb80000, 0x0000000100000000)
  eden space 17408K, 0% used [0x00000000eb380000,0x00000000eb380000,0x00000000ec480000)
  from space 3584K, 0% used [0x00000000ec480000,0x00000000ec480000,0x00000000ec800000)
  to   space 3072K, 0% used [0x00000000ec880000,0x00000000ec880000,0x00000000ecb80000)
 ParOldGen       total 30208K, used 2879K [0x00000000c1a00000, 0x00000000c3780000, 0x00000000eb380000)
  object space 30208K, 9% used [0x00000000c1a00000,0x00000000c1ccfd10,0x00000000c3780000)
 Metaspace       used 9147K, capacity 9240K, committed 9344K, reserved 1064960K
  class space    used 1114K, capacity 1148K, committed 1152K, reserved 1048576K
}

