# JRE version: Java(TM) SE Runtime Environment (8.0_131-b11) (build 1.8.0_131-b11)
# Java VM: Java HotSpot(TM) 64-Bit Server VM (25.131-b11 mixed mode windows-amd64 compressed oops)
Heap:
 PSYoungGen      total 18944K, used 8600K [0x00000000eb380000, 0x00000000ecd80000, 0x0000000100000000)
  eden space 16384K, 36% used [0x00000000eb380000,0x00000000eb966f40,0x00000000ec380000)
  from space 2560K, 99% used [0x00000000ec600000,0x00000000ec87f288,0x00000000ec880000)
  to   space 2560K, 0% used [0x00000000ec380000,0x00000000ec380000,0x00000000ec600000)
 ParOldGen       total 28672K, used 1883K [0x00000000c1a00000, 0x00000000c3600000, 0x00000000eb380000)
  object space 28672K, 6% used [0x00000000c1a00000,0x00000000c1bd6df8,0x00000000c3600000)
 Metaspace       used 8292K, capacity 8456K, committed 8576K, reserved 1060864K
  class space    used 1003K, capacity 1052K, committed 1152K, reserved 1048576K
GC Heap History (6 events):
Event: 0.448 GC heap before
{Heap before GC invocations=1 (full 0):
 PSYoungGen      total 18944K, used 3286K [0x00000000eb380000, 0x00000000ec880000, 0x0000000100000000)
  eden space 16384K, 20% used [0x00000000eb380000,0x00000000eb6b58c8,0x00000000ec380000)
  from space 2560K, 0% used [0x00000000ec600000,0x00000000ec600000,0x00000000ec880000)
  to   space 2560K, 0% used [0x00000000ec380000,0x00000000ec380000,0x00000000ec600000)
 ParOldGen       total 44032K, used 0K [0x00000000c1a00000, 0x00000000c4500000, 0x00000000eb380000)
  object space 44032K, 0% used [0x00000000c1a00000,0x00000000c1a00000,0x00000000c4500000)
 Metaspace       used 3762K, capacity 4778K, committed 4864K, reserved 1060864K
  class space    used 414K, capacity 470K, committed 512K, reserved 1048576K
Event: 0.455 GC heap after
Heap after GC invocations=1 (full 0):
 PSYoungGen      total 18944K, used 1063K [0x00000000eb380000, 0x00000000ec880000, 0x0000000100000000)
  eden space 16384K, 0% used [0x00000000eb380000,0x00000000eb380000,0x00000000ec380000)
  from space 2560K, 41% used [0x00000000ec380000,0x00000000ec489ea8,0x00000000ec600000)
  to   space 2560K, 0% used [0x00000000ec600000,0x00000000ec600000,0x00000000ec880000)
 ParOldGen       total 44032K, used 0K [0x00000000c1a00000, 0x00000000c4500000, 0x00000000eb380000)
  object space 44032K, 0% used [0x00000000c1a00000,0x00000000c1a00000,0x00000000c4500000)
 Metaspace       used 3762K, capacity 4778K, committed 4864K, reserved 1060864K
  class space    used 414K, capacity 470K, committed 512K, reserved 1048576K
}
Event: 0.455 GC heap before
{Heap before GC invocations=2 (full 1):
 PSYoungGen      total 18944K, used 1063K [0x00000000eb380000, 0x00000000ec880000, 0x0000000100000000)
  eden space 16384K, 0% used [0x00000000eb380000,0x00000000eb380000,0x00000000ec380000)
  from space 2560K, 41% used [0x00000000ec380000,0x00000000ec489ea8,0x00000000ec600000)
  to   space 2560K, 0% used [0x00000000ec600000,0x00000000ec600000,0x00000000ec880000)
 ParOldGen       total 44032K, used 0K [0x00000000c1a00000, 0x00000000c4500000, 0x00000000eb380000)
  object space 44032K, 0% used [0x00000000c1a00000,0x00000000c1a00000,0x00000000c4500000)
 Metaspace       used 3762K, capacity 4778K, committed 4864K, reserved 1060864K
  class space    used 414K, capacity 470K, committed 512K, reserved 1048576K
Event: 0.468 GC heap after
Heap after GC invocations=2 (full 1):
 PSYoungGen      total 18944K, used 0K [0x00000000eb380000, 0x00000000ec880000, 0x0000000100000000)
  eden space 16384K, 0% used [0x00000000eb380000,0x00000000eb380000,0x00000000ec380000)
  from space 2560K, 0% used [0x00000000ec380000,0x00000000ec380000,0x00000000ec600000)
  to   space 2560K, 0% used [0x00000000ec600000,0x00000000ec600000,0x00000000ec880000)
 ParOldGen       total 28672K, used 1028K [0x00000000c1a00000, 0x00000000c3600000, 0x00000000eb380000)
  object space 28672K, 3% used [0x00000000c1a00000,0x00000000c1b01348,0x00000000c3600000)
 Metaspace       used 3762K, capacity 4778K, committed 4864K, reserved 1058816K
  class space    used 414K, capacity 470K, committed 512K, reserved 1048576K
}
Event: 1.200 GC heap before
{Heap before GC invocations=3 (full 1):
 PSYoungGen      total 18944K, used 16384K [0x00000000eb380000, 0x00000000ec880000, 0x0000000100000000)
  eden space 16384K, 100% used [0x00000000eb380000,0x00000000ec380000,0x00000000ec380000)
  from space 2560K, 0% used [0x00000000ec380000,0x00000000ec380000,0x00000000ec600000)
  to   space 2560K, 0% used [0x00000000ec600000,0x00000000ec600000,0x00000000ec880000)
 ParOldGen       total 28672K, used 1028K [0x00000000c1a00000, 0x00000000c3600000, 0x00000000eb380000)
  object space 28672K, 3% used [0x00000000c1a00000,0x00000000c1b01348,0x00000000c3600000)
 Metaspace       used 8043K, capacity 8168K, committed 8192K, reserved 1060864K
  class space    used 969K, capacity 1020K, committed 1024K, reserved 1048576K
Event: 1.207 GC heap after
Heap after GC invocations=3 (full 1):
 PSYoungGen      total 18944K, used 2556K [0x00000000eb380000, 0x00000000ecd80000, 0x0000000100000000)
  eden space 16384K, 0% used [0x00000000eb380000,0x00000000eb380000,0x00000000ec380000)
  from space 2560K, 99% used [0x00000000ec600000,0x00000000ec87f288,0x00000000ec880000)
  to   space 2560K, 0% used [0x00000000ec380000,0x00000000ec380000,0x00000000ec600000)
 ParOldGen       total 28672K, used 1883K [0x00000000c1a00000, 0x00000000c3600000, 0x00000000eb380000)
  object space 28672K, 6% used [0x00000000c1a00000,0x00000000c1bd6df8,0x00000000c3600000)
 Metaspace       used 8043K, capacity 8168K, committed 8192K, reserved 1060864K
  class space    used 969K, capacity 1020K, committed 1024K, reserved 1048576K
}

