# JRE version: Java(TM) SE Runtime Environment (8.0_131-b11) (build 1.8.0_131-b11)
# Java VM: Java HotSpot(TM) 64-Bit Server VM (25.131-b11 mixed mode windows-amd64 compressed oops)
Heap:
 PSYoungGen      total 18944K, used 3683K [0x00000000eb380000, 0x00000000ecc00000, 0x0000000100000000)
  eden space 16384K, 6% used [0x00000000eb380000,0x00000000eb49c950,0x00000000ec380000)
  from space 2560K, 99% used [0x00000000ec600000,0x00000000ec87c328,0x00000000ec880000)
  to   space 2560K, 0% used [0x00000000ec380000,0x00000000ec380000,0x00000000ec600000)
 ParOldGen       total 31232K, used 1921K [0x00000000c1a00000, 0x00000000c3880000, 0x00000000eb380000)
  object space 31232K, 6% used [0x00000000c1a00000,0x00000000c1be0718,0x00000000c3880000)
 Metaspace       used 8128K, capacity 8280K, committed 8448K, reserved 1060864K
  class space    used 970K, capacity 1020K, committed 1024K, reserved 1048576K
GC Heap History (6 events):
Event: 1.371 GC heap before
{Heap before GC invocations=1 (full 0):
 PSYoungGen      total 18944K, used 3278K [0x00000000eb380000, 0x00000000ec880000, 0x0000000100000000)
  eden space 16384K, 20% used [0x00000000eb380000,0x00000000eb6b39a0,0x00000000ec380000)
  from space 2560K, 0% used [0x00000000ec600000,0x00000000ec600000,0x00000000ec880000)
  to   space 2560K, 0% used [0x00000000ec380000,0x00000000ec380000,0x00000000ec600000)
 ParOldGen       total 44032K, used 0K [0x00000000c1a00000, 0x00000000c4500000, 0x00000000eb380000)
  object space 44032K, 0% used [0x00000000c1a00000,0x00000000c1a00000,0x00000000c4500000)
 Metaspace       used 3802K, capacity 4778K, committed 4864K, reserved 1060864K
  class space    used 414K, capacity 470K, committed 512K, reserved 1048576K
Event: 1.374 GC heap after
Heap after GC invocations=1 (full 0):
 PSYoungGen      total 18944K, used 1095K [0x00000000eb380000, 0x00000000ec880000, 0x0000000100000000)
  eden space 16384K, 0% used [0x00000000eb380000,0x00000000eb380000,0x00000000ec380000)
  from space 2560K, 42% used [0x00000000ec380000,0x00000000ec491ea8,0x00000000ec600000)
  to   space 2560K, 0% used [0x00000000ec600000,0x00000000ec600000,0x00000000ec880000)
 ParOldGen       total 44032K, used 8K [0x00000000c1a00000, 0x00000000c4500000, 0x00000000eb380000)
  object space 44032K, 0% used [0x00000000c1a00000,0x00000000c1a02000,0x00000000c4500000)
 Metaspace       used 3802K, capacity 4778K, committed 4864K, reserved 1060864K
  class space    used 414K, capacity 470K, committed 512K, reserved 1048576K
}
Event: 1.374 GC heap before
{Heap before GC invocations=2 (full 1):
 PSYoungGen      total 18944K, used 1095K [0x00000000eb380000, 0x00000000ec880000, 0x0000000100000000)
  eden space 16384K, 0% used [0x00000000eb380000,0x00000000eb380000,0x00000000ec380000)
  from space 2560K, 42% used [0x00000000ec380000,0x00000000ec491ea8,0x00000000ec600000)
  to   space 2560K, 0% used [0x00000000ec600000,0x00000000ec600000,0x00000000ec880000)
 ParOldGen       total 44032K, used 8K [0x00000000c1a00000, 0x00000000c4500000, 0x00000000eb380000)
  object space 44032K, 0% used [0x00000000c1a00000,0x00000000c1a02000,0x00000000c4500000)
 Metaspace       used 3802K, capacity 4778K, committed 4864K, reserved 1060864K
  class space    used 414K, capacity 470K, committed 512K, reserved 1048576K
Event: 1.385 GC heap after
Heap after GC invocations=2 (full 1):
 PSYoungGen      total 18944K, used 0K [0x00000000eb380000, 0x00000000ec880000, 0x0000000100000000)
  eden space 16384K, 0% used [0x00000000eb380000,0x00000000eb380000,0x00000000ec380000)
  from space 2560K, 0% used [0x00000000ec380000,0x00000000ec380000,0x00000000ec600000)
  to   space 2560K, 0% used [0x00000000ec600000,0x00000000ec600000,0x00000000ec880000)
 ParOldGen       total 31232K, used 1028K [0x00000000c1a00000, 0x00000000c3880000, 0x00000000eb380000)
  object space 31232K, 3% used [0x00000000c1a00000,0x00000000c1b01378,0x00000000c3880000)
 Metaspace       used 3802K, capacity 4778K, committed 4864K, reserved 1058816K
  class space    used 414K, capacity 470K, committed 512K, reserved 1048576K
}
Event: 4.763 GC heap before
{Heap before GC invocations=3 (full 1):
 PSYoungGen      total 18944K, used 16384K [0x00000000eb380000, 0x00000000ec880000, 0x0000000100000000)
  eden space 16384K, 100% used [0x00000000eb380000,0x00000000ec380000,0x00000000ec380000)
  from space 2560K, 0% used [0x00000000ec380000,0x00000000ec380000,0x00000000ec600000)
  to   space 2560K, 0% used [0x00000000ec600000,0x00000000ec600000,0x00000000ec880000)
 ParOldGen       total 31232K, used 1028K [0x00000000c1a00000, 0x00000000c3880000, 0x00000000eb380000)
  object space 31232K, 3% used [0x00000000c1a00000,0x00000000c1b01378,0x00000000c3880000)
 Metaspace       used 8044K, capacity 8216K, committed 8448K, reserved 1060864K
  class space    used 966K, capacity 1020K, committed 1024K, reserved 1048576K
Event: 4.771 GC heap after
Heap after GC invocations=3 (full 1):
 PSYoungGen      total 18944K, used 2544K [0x00000000eb380000, 0x00000000ecc00000, 0x0000000100000000)
  eden space 16384K, 0% used [0x00000000eb380000,0x00000000eb380000,0x00000000ec380000)
  from space 2560K, 99% used [0x00000000ec600000,0x00000000ec87c328,0x00000000ec880000)
  to   space 2560K, 0% used [0x00000000ec380000,0x00000000ec380000,0x00000000ec600000)
 ParOldGen       total 31232K, used 1921K [0x00000000c1a00000, 0x00000000c3880000, 0x00000000eb380000)
  object space 31232K, 6% used [0x00000000c1a00000,0x00000000c1be0718,0x00000000c3880000)
 Metaspace       used 8044K, capacity 8216K, committed 8448K, reserved 1060864K
  class space    used 966K, capacity 1020K, committed 1024K, reserved 1048576K
}

